<?xml version="1.0" encoding="UTF-8"?>
<!-- Generated by org.testng.reporters.JUnitReportReporter -->
<testsuite hostname="LAPTOP-19KA02EO" failures="0" tests="1" name="FrameworkforTest.FlipkartTest.AddtoCartTest" time="16.741" errors="0" timestamp="2021-07-16T14:46:25 IST" skipped="0">
  <testcase classname="FrameworkforTest.FlipkartTest.AddtoCartTest" name="addmobile" time="16.741"/>
  <system-out/>
</testsuite> <!-- FrameworkforTest.FlipkartTest.AddtoCartTest -->
